[debug] [2019-01-18T15:05:46.535Z] ----------------------------------------------------------------------
[debug] [2019-01-18T15:05:46.538Z] Command:       C:\Program Files\nodejs\node.exe C:\Users\SAHIB\AppData\Roaming\npm\node_modules\firebase-tools\lib\bin\firebase.js init
[debug] [2019-01-18T15:05:46.538Z] CLI Version:   6.3.0
[debug] [2019-01-18T15:05:46.538Z] Platform:      win32
[debug] [2019-01-18T15:05:46.538Z] Node Version:  v8.12.0
[debug] [2019-01-18T15:05:46.539Z] Time:          Fri Jan 18 2019 20:35:46 GMT+0530 (India Standard Time)
[debug] [2019-01-18T15:05:46.539Z] ----------------------------------------------------------------------
[debug] 
[debug] [2019-01-18T15:05:46.548Z] > command requires scopes: ["email","openid","https://www.googleapis.com/auth/cloudplatformprojects.readonly","https://www.googleapis.com/auth/firebase","https://www.googleapis.com/auth/cloud-platform"]
[debug] [2019-01-18T15:05:46.549Z] > authorizing via signed-in user
[info] 
     ######## #### ########  ######## ########     ###     ######  ########
     ##        ##  ##     ## ##       ##     ##  ##   ##  ##       ##
     ######    ##  ########  ######   ########  #########  ######  ######
     ##        ##  ##    ##  ##       ##     ## ##     ##       ## ##
     ##       #### ##     ## ######## ########  ##     ##  ######  ########

You're about to initialize a Firebase project in this directory:

  D:\ReactApps v 1.0\02. IndecisionApp

[info] 
=== Project Setup
[info] 
[info] First, let's associate this project directory with a Firebase project.
[info] You can create multiple project aliases by running firebase use --add, 
[info] but for now we'll just set up a default project.
[info] 
[debug] [2019-01-18T15:06:01.149Z] >>> HTTP REQUEST GET https://firebase.googleapis.com/v1beta1/projects?page_size=100  
 
[debug] [2019-01-18T15:06:02.008Z] <<< HTTP RESPONSE 200
[info] 
=== Hosting Setup
[info] 
[info] Your public directory is the folder (relative to your project directory) that
[info] will contain Hosting assets to be uploaded with firebase deploy. If you
[info] have a build process for your assets, use your build's output directory.
[info] 
